INFO: 2022-09-24 16:26:23,471: main() 'Using profile folder /home/sviolet/.config/variety/'
INFO: 2022-09-24 16:26:23,473: perform_upgrade() 'Last run version was 0.8.9 or earlier, current version is 0.8.9'
INFO: 2022-09-24 16:26:23,540: process_command() 'Received command: ['-f']'
INFO: 2022-09-24 16:26:23,541: start() 'Using data_path /usr/share/variety'
INFO: 2022-09-24 16:26:23,541: load() 'Jumble loading'
INFO: 2022-09-24 16:26:23,541: _walk_modules() 'Jumble loading module in __init__ from /usr/lib/python3.10/site-packages/variety/plugins/builtin/__init__.py'
INFO: 2022-09-24 16:26:23,541: _walk_modules() 'Jumble loading module in GnomeDisplayModesPlugin from /usr/lib/python3.10/site-packages/variety/plugins/builtin/display_modes/GnomeDisplayModesPlugin.py'
INFO: 2022-09-24 16:26:23,542: load() 'Jumble found plugin class: <class 'GnomeDisplayModesPlugin.GnomeDisplayModesPlugin'>: {'name': 'GnomeDisplayModesPlugin', 'description': 'Display modes relying on the underlying desktop environment', 'version': '1.0', 'author': 'Peter Levi'}'
INFO: 2022-09-24 16:26:23,542: _walk_modules() 'Jumble loading module in LegacyDisplayModesPlugin from /usr/lib/python3.10/site-packages/variety/plugins/builtin/display_modes/LegacyDisplayModesPlugin.py'
INFO: 2022-09-24 16:26:23,542: load() 'Jumble found plugin class: <class 'LegacyDisplayModesPlugin.LegacyDisplayModesPlugin'>: {'name': 'LegacyDisplayModesPlugin', 'description': 'Legacy display mode for compatibility with past Variety versions', 'version': '1.0', 'author': 'Peter Levi'}'
INFO: 2022-09-24 16:26:23,542: _walk_modules() 'Jumble loading module in ResizingDisplayModesPlugin from /usr/lib/python3.10/site-packages/variety/plugins/builtin/display_modes/ResizingDisplayModesPlugin.py'
INFO: 2022-09-24 16:26:23,542: load() 'Jumble found plugin class: <class 'ResizingDisplayModesPlugin.ResizingDisplayModesPlugin'>: {'name': 'ResizingDisplayModesPlugin', 'description': 'Display modes that use image resizing within Variety', 'version': '1.0', 'author': 'Peter Levi'}'
INFO: 2022-09-24 16:26:23,542: _walk_modules() 'Jumble loading module in __init__ from /usr/lib/python3.10/site-packages/variety/plugins/builtin/display_modes/__init__.py'
INFO: 2022-09-24 16:26:23,542: _walk_modules() 'Jumble loading module in APODDownloader from /usr/lib/python3.10/site-packages/variety/plugins/builtin/downloaders/APODDownloader.py'
INFO: 2022-09-24 16:26:23,543: load() 'Jumble found plugin class: <class 'APODDownloader.APODDownloader'>: {'name': 'APODDownloader', 'description': 'NASA Astro Pic of the Day', 'author': 'Peter Levi', 'version': '0.1'}'
INFO: 2022-09-24 16:26:23,543: _walk_modules() 'Jumble loading module in ArtStationDownloader from /usr/lib/python3.10/site-packages/variety/plugins/builtin/downloaders/ArtStationDownloader.py'
INFO: 2022-09-24 16:26:23,543: _walk_modules() 'Jumble loading module in ArtStationSource from /usr/lib/python3.10/site-packages/variety/plugins/builtin/downloaders/ArtStationSource.py'
INFO: 2022-09-24 16:26:23,543: load() 'Jumble found plugin class: <class 'ArtStationSource.ArtStationSource'>: {'name': 'ArtStationSource', 'description': 'Configurable source for fetching images from ArtStation', 'author': 'Denis Gordeev', 'version': '0.1'}'
INFO: 2022-09-24 16:26:23,544: _walk_modules() 'Jumble loading module in BingDownloader from /usr/lib/python3.10/site-packages/variety/plugins/builtin/downloaders/BingDownloader.py'
INFO: 2022-09-24 16:26:23,544: load() 'Jumble found plugin class: <class 'BingDownloader.BingDownloader'>: {'name': 'BingDownloader', 'description': 'Bing Photo of the Day', 'author': 'Peter Levi', 'version': '0.1'}'
INFO: 2022-09-24 16:26:23,544: _walk_modules() 'Jumble loading module in EarthviewDownloader from /usr/lib/python3.10/site-packages/variety/plugins/builtin/downloaders/EarthviewDownloader.py'
INFO: 2022-09-24 16:26:23,544: load() 'Jumble found plugin class: <class 'EarthviewDownloader.EarthviewDownloader'>: {'name': 'EarthviewDownloader', 'description': 'Google Earth View Wallpapers', 'author': 'Peter Levi', 'version': '0.1'}'
INFO: 2022-09-24 16:26:23,544: _walk_modules() 'Jumble loading module in MediaRSSDownloader from /usr/lib/python3.10/site-packages/variety/plugins/builtin/downloaders/MediaRSSDownloader.py'
INFO: 2022-09-24 16:26:23,545: _walk_modules() 'Jumble loading module in MediaRSSSource from /usr/lib/python3.10/site-packages/variety/plugins/builtin/downloaders/MediaRSSSource.py'
INFO: 2022-09-24 16:26:23,545: load() 'Jumble found plugin class: <class 'MediaRSSSource.MediaRSSSource'>: {'name': 'MediaRSSSource', 'description': 'Configurable source for fetching images from MediaRSS feeds', 'author': 'Peter Levi', 'version': '0.1'}'
INFO: 2022-09-24 16:26:23,545: _walk_modules() 'Jumble loading module in NationalGeographicDownloader from /usr/lib/python3.10/site-packages/variety/plugins/builtin/downloaders/NationalGeographicDownloader.py'
INFO: 2022-09-24 16:26:23,545: load() 'Jumble found plugin class: <class 'NationalGeographicDownloader.NationalGeographicDownloader'>: {'name': 'NationalGeographicDownloader', 'description': "National Geographic's photo of the day", 'author': 'Eric Rösch', 'version': '0.1'}'
INFO: 2022-09-24 16:26:23,545: _walk_modules() 'Jumble loading module in RedditDownloader from /usr/lib/python3.10/site-packages/variety/plugins/builtin/downloaders/RedditDownloader.py'
INFO: 2022-09-24 16:26:23,546: _walk_modules() 'Jumble loading module in RedditSource from /usr/lib/python3.10/site-packages/variety/plugins/builtin/downloaders/RedditSource.py'
INFO: 2022-09-24 16:26:23,546: load() 'Jumble found plugin class: <class 'RedditSource.RedditSource'>: {'name': 'RedditSource', 'description': 'Configurable source for fetching images from Reddit', 'author': 'Peter Levi', 'version': '0.1'}'
INFO: 2022-09-24 16:26:23,546: _walk_modules() 'Jumble loading module in UnsplashConfigurableSource from /usr/lib/python3.10/site-packages/variety/plugins/builtin/downloaders/UnsplashConfigurableSource.py'
INFO: 2022-09-24 16:26:23,546: load() 'Jumble found plugin class: <class 'UnsplashConfigurableSource.UnsplashConfigurableSource'>: {'name': 'UnsplashConfigurableSource', 'description': 'Configurable source for fetching photos from Unsplash.com', 'author': 'Peter Levi', 'version': '0.1'}'
INFO: 2022-09-24 16:26:23,546: _walk_modules() 'Jumble loading module in UnsplashDownloader from /usr/lib/python3.10/site-packages/variety/plugins/builtin/downloaders/UnsplashDownloader.py'
INFO: 2022-09-24 16:26:23,547: load() 'Jumble found plugin class: <class 'UnsplashDownloader.UnsplashDownloader'>: {'name': 'UnsplashDownloader', 'description': 'High-resolution photos from Unsplash.com', 'author': 'Peter Levi', 'version': '0.1'}'
INFO: 2022-09-24 16:26:23,547: _walk_modules() 'Jumble loading module in WallhavenDownloader from /usr/lib/python3.10/site-packages/variety/plugins/builtin/downloaders/WallhavenDownloader.py'
INFO: 2022-09-24 16:26:23,547: _walk_modules() 'Jumble loading module in WallhavenLegacyDownloader from /usr/lib/python3.10/site-packages/variety/plugins/builtin/downloaders/WallhavenLegacyDownloader.py'
INFO: 2022-09-24 16:26:23,547: _walk_modules() 'Jumble loading module in WallhavenSource from /usr/lib/python3.10/site-packages/variety/plugins/builtin/downloaders/WallhavenSource.py'
INFO: 2022-09-24 16:26:23,548: load() 'Jumble found plugin class: <class 'WallhavenSource.WallhavenSource'>: {'name': 'WallhavenSource', 'description': 'Configurable source for fetching images from Wallhaven.cc', 'author': 'Peter Levi', 'version': '0.1'}'
INFO: 2022-09-24 16:26:23,548: _walk_modules() 'Jumble loading module in __init__ from /usr/lib/python3.10/site-packages/variety/plugins/builtin/downloaders/__init__.py'
INFO: 2022-09-24 16:26:23,548: _walk_modules() 'Jumble loading module in FortuneSource from /usr/lib/python3.10/site-packages/variety/plugins/builtin/quotes/FortuneSource.py'
INFO: 2022-09-24 16:26:23,548: load() 'Jumble found plugin class: <class 'FortuneSource.FortuneSource'>: {'name': 'UNIX fortune program', 'description': 'Displays quotes using the UNIX fortune program. You may want to install additional fortune packs, e.g. fortunes-bofh-excuses.', 'author': 'Dan Jones', 'version': '0.1'}'
INFO: 2022-09-24 16:26:23,549: _walk_modules() 'Jumble loading module in GoodreadsSource from /usr/lib/python3.10/site-packages/variety/plugins/builtin/quotes/GoodreadsSource.py'
INFO: 2022-09-24 16:26:23,551: load() 'Jumble found plugin class: <class 'GoodreadsSource.GoodreadsSource'>: {'name': 'Goodreads', 'description': 'Fetches quotes from Goodreads.com', 'author': 'Peter Levi', 'version': '0.1'}'
INFO: 2022-09-24 16:26:23,551: _walk_modules() 'Jumble loading module in LocalFilesSource from /usr/lib/python3.10/site-packages/variety/plugins/builtin/quotes/LocalFilesSource.py'
INFO: 2022-09-24 16:26:23,552: load() 'Jumble found plugin class: <class 'LocalFilesSource.LocalFilesSource'>: {'name': 'Local text files', 'description': 'Displays quotes, defined in local text files.\nPut your own txt files in: ~/.config/variety/pluginconfig/quotes/.\nThe file format is:\n\nquote -- author\n.\nsecond quote -- another author\n.\netc...\n\nExample: http://rvelthuis.de/zips/quotes.txt', 'author': 'Peter Levi', 'version': '0.1'}'
INFO: 2022-09-24 16:26:23,552: _walk_modules() 'Jumble loading module in QuotationsPageSource from /usr/lib/python3.10/site-packages/variety/plugins/builtin/quotes/QuotationsPageSource.py'
INFO: 2022-09-24 16:26:23,552: load() 'Jumble found plugin class: <class 'QuotationsPageSource.QuotationsPageSource'>: {'name': 'TheQuotationsPage.com', 'description': 'Fetches quotes from TheQuotationsPage.com', 'author': 'Peter Levi', 'version': '0.1'}'
INFO: 2022-09-24 16:26:23,552: _walk_modules() 'Jumble loading module in UrbanDictionarySource from /usr/lib/python3.10/site-packages/variety/plugins/builtin/quotes/UrbanDictionarySource.py'
INFO: 2022-09-24 16:26:23,552: load() 'Jumble found plugin class: <class 'UrbanDictionarySource.UrbanDictionarySource'>: {'name': 'Urban Dictionary', 'description': 'Displays definitions from Urban Dictionary', 'author': 'James Miller', 'version': '0.1'}'
INFO: 2022-09-24 16:26:23,552: _walk_modules() 'Jumble loading module in __init__ from /usr/lib/python3.10/site-packages/variety/plugins/builtin/quotes/__init__.py'
INFO: 2022-09-24 16:26:23,560: log_options() 'Loaded options:'
INFO: 2022-09-24 16:26:23,560: log_options() 'change_enabled = True'
INFO: 2022-09-24 16:26:23,560: log_options() 'change_interval = 300'
INFO: 2022-09-24 16:26:23,560: log_options() 'change_on_start = False'
INFO: 2022-09-24 16:26:23,560: log_options() 'clipboard_enabled = False'
INFO: 2022-09-24 16:26:23,560: log_options() 'clipboard_hosts = ['wallhaven.cc', 'wallpapers.net', 'flickr.com', 'imgur.com', 'deviantart.com', 'interfacelift.com', 'vladstudio.com', 'imageshack.us', 'deviantart.net', 'imageshack.com']'
INFO: 2022-09-24 16:26:23,560: log_options() 'clipboard_use_whitelist = True'
INFO: 2022-09-24 16:26:23,560: log_options() 'clock_date_font = Serif 30'
INFO: 2022-09-24 16:26:23,560: log_options() 'clock_enabled = False'
INFO: 2022-09-24 16:26:23,560: log_options() 'clock_filter = -density 100 -font `fc-match -f '%{file[0]}' '%CLOCK_FONT_NAME'` -pointsize %CLOCK_FONT_SIZE -gravity SouthEast -fill '#00000044' -annotate 0x0+[%HOFFSET+58]+[%VOFFSET+108] '%H:%M' -fill white -annotate 0x0+[%HOFFSET+60]+[%VOFFSET+110] '%H:%M' -font `fc-match -f '%{file[0]}' '%DATE_FONT_NAME'` -pointsize %DATE_FONT_SIZE -fill '#00000044' -annotate 0x0+[%HOFFSET+58]+[%VOFFSET+58] '%A, %B %d' -fill white -annotate 0x0+[%HOFFSET+60]+[%VOFFSET+60] '%A, %B %d''
INFO: 2022-09-24 16:26:23,560: log_options() 'clock_font = Serif 70'
INFO: 2022-09-24 16:26:23,560: log_options() 'configfile = /home/sviolet/.config/variety/variety.conf'
INFO: 2022-09-24 16:26:23,560: log_options() 'copyto_enabled = False'
INFO: 2022-09-24 16:26:23,560: log_options() 'copyto_folder = Default'
INFO: 2022-09-24 16:26:23,560: log_options() 'desired_color = [160, 160, 160]'
INFO: 2022-09-24 16:26:23,560: log_options() 'desired_color_enabled = False'
INFO: 2022-09-24 16:26:23,560: log_options() 'download_folder = /home/sviolet/.config/variety/Downloaded'
INFO: 2022-09-24 16:26:23,560: log_options() 'download_preference_ratio = 0.9'
INFO: 2022-09-24 16:26:23,560: log_options() 'favorites_folder = /home/sviolet/.config/variety/Favorites'
INFO: 2022-09-24 16:26:23,560: log_options() 'favorites_operations = [['Downloaded', 'Copy'], ['Fetched', 'Move'], ['Others', 'Copy']]'
INFO: 2022-09-24 16:26:23,560: log_options() 'fetched_folder = /home/sviolet/.config/variety/Fetched'
INFO: 2022-09-24 16:26:23,560: log_options() 'filters = [[False, 'Keep original', ''], [False, 'Grayscale', '-type Grayscale'], [False, 'Heavy blur', '-scale 20% -blur 0x10 -resize 500%'], [False, 'Soft blur', '-scale 20% -blur 0x2 -resize 500%'], [False, 'Oil painting', '-paint 8'], [False, 'Pointilism', '-spread 10 -noise 3'], [False, 'Pixellate', '-scale 3% -scale 3333%']]'
INFO: 2022-09-24 16:26:23,560: log_options() 'get_wallpaper_script = /home/sviolet/.config/variety/scripts/get_wallpaper_arco'
INFO: 2022-09-24 16:26:23,560: log_options() 'icon = Light'
INFO: 2022-09-24 16:26:23,560: log_options() 'internet_enabled = True'
INFO: 2022-09-24 16:26:23,560: log_options() 'lightness_enabled = False'
INFO: 2022-09-24 16:26:23,560: log_options() 'lightness_mode = 0'
INFO: 2022-09-24 16:26:23,560: log_options() 'min_rating = 4'
INFO: 2022-09-24 16:26:23,560: log_options() 'min_rating_enabled = False'
INFO: 2022-09-24 16:26:23,560: log_options() 'min_size = 80'
INFO: 2022-09-24 16:26:23,560: log_options() 'min_size_enabled = True'
INFO: 2022-09-24 16:26:23,560: log_options() 'quota_enabled = True'
INFO: 2022-09-24 16:26:23,560: log_options() 'quota_size = 1000'
INFO: 2022-09-24 16:26:23,560: log_options() 'quotes_authors = '
INFO: 2022-09-24 16:26:23,560: log_options() 'quotes_bg_color = [80, 80, 80]'
INFO: 2022-09-24 16:26:23,560: log_options() 'quotes_bg_opacity = 55'
INFO: 2022-09-24 16:26:23,560: log_options() 'quotes_change_enabled = False'
INFO: 2022-09-24 16:26:23,560: log_options() 'quotes_change_interval = 300'
INFO: 2022-09-24 16:26:23,560: log_options() 'quotes_disabled_sources = ['Urban Dictionary']'
INFO: 2022-09-24 16:26:23,560: log_options() 'quotes_enabled = False'
INFO: 2022-09-24 16:26:23,561: log_options() 'quotes_favorites_file = /home/sviolet/.config/variety/favorite_quotes.txt'
INFO: 2022-09-24 16:26:23,561: log_options() 'quotes_font = Serif 30'
INFO: 2022-09-24 16:26:23,561: log_options() 'quotes_hpos = 100'
INFO: 2022-09-24 16:26:23,561: log_options() 'quotes_max_length = 250'
INFO: 2022-09-24 16:26:23,561: log_options() 'quotes_tags = '
INFO: 2022-09-24 16:26:23,561: log_options() 'quotes_text_color = [255, 255, 255]'
INFO: 2022-09-24 16:26:23,561: log_options() 'quotes_text_shadow = False'
INFO: 2022-09-24 16:26:23,561: log_options() 'quotes_vpos = 40'
INFO: 2022-09-24 16:26:23,561: log_options() 'quotes_width = 70'
INFO: 2022-09-24 16:26:23,561: log_options() 'safe_mode = False'
INFO: 2022-09-24 16:26:23,561: log_options() 'set_wallpaper_script = /home/sviolet/.config/variety/scripts/set_wallpaper_arco'
INFO: 2022-09-24 16:26:23,561: log_options() 'slideshow_custom_enabled = False'
INFO: 2022-09-24 16:26:23,561: log_options() 'slideshow_custom_folder = /home/sviolet/Images'
INFO: 2022-09-24 16:26:23,561: log_options() 'slideshow_downloads_enabled = False'
INFO: 2022-09-24 16:26:23,561: log_options() 'slideshow_fade = 0.4'
INFO: 2022-09-24 16:26:23,561: log_options() 'slideshow_favorites_enabled = True'
INFO: 2022-09-24 16:26:23,561: log_options() 'slideshow_mode = Fullscreen'
INFO: 2022-09-24 16:26:23,561: log_options() 'slideshow_monitor = All'
INFO: 2022-09-24 16:26:23,561: log_options() 'slideshow_pan = 0.05'
INFO: 2022-09-24 16:26:23,561: log_options() 'slideshow_seconds = 6.0'
INFO: 2022-09-24 16:26:23,561: log_options() 'slideshow_sort_order = Random'
INFO: 2022-09-24 16:26:23,561: log_options() 'slideshow_sources_enabled = True'
INFO: 2022-09-24 16:26:23,561: log_options() 'slideshow_zoom = 0.2'
INFO: 2022-09-24 16:26:23,561: log_options() 'smart_enabled = False'
INFO: 2022-09-24 16:26:23,561: log_options() 'smart_notice_shown = False'
INFO: 2022-09-24 16:26:23,561: log_options() 'smart_register_shown = False'
INFO: 2022-09-24 16:26:23,561: log_options() 'sources = [[True, 'favorites', 'The Favorites folder'], [False, 'fetched', 'The Fetched folder'], [True, 'folder', '/usr/share/backgrounds'], [False, 'flickr', 'user:www.flickr.com/photos/peter-levi/;user_id:93647178@N00;'], [False, 'apod', "NASA's Astronomy Picture of the Day"], [False, 'bing', 'Bing Photo of the Day'], [False, 'earthview', 'Google Earth View Wallpapers'], [False, 'natgeo', "National Geographic's photo of the day"], [False, 'unsplash', 'High-resolution photos from Unsplash.com'], [False, 'unsplash-search', 'https://unsplash.com/s/photos/abstract-wallpaper'], [False, 'wallhaven', 'abstract']]'
INFO: 2022-09-24 16:26:23,561: log_options() 'stats_enabled = True'
INFO: 2022-09-24 16:26:23,561: log_options() 'stats_notice_shown = False'
INFO: 2022-09-24 16:26:23,561: log_options() 'sync_enabled = True'
INFO: 2022-09-24 16:26:23,561: log_options() 'use_landscape_enabled = True'
INFO: 2022-09-24 16:26:23,561: log_options() 'wallhaven_api_key = '
INFO: 2022-09-24 16:26:23,561: log_options() 'wallpaper_auto_rotate = True'
INFO: 2022-09-24 16:26:23,561: log_options() 'wallpaper_display_mode = smart'
INFO: 2022-09-24 16:26:23,561: reload_config() 'No need to clear prepared queue'
INFO: 2022-09-24 16:26:23,561: update_indicator() 'Setting file info to: /home/sviolet/.config/variety/Favorites/wallhaven-5wzkg1.jpg'
INFO: 2022-09-24 16:26:23,561: load_last_change_time() 'Change interval < 6 hours, ignore persisted last_change_time, wait initially the whole interval: 300'
INFO: 2022-09-24 16:26:23,561: update_indicator() 'Setting file info to: /home/sviolet/.config/variety/Favorites/wallhaven-5wzkg1.jpg'
INFO: 2022-09-24 16:26:23,562: regular_change_thread() 'regular_change thread running'
INFO: 2022-09-24 16:26:23,562: prepare_thread() 'Prepare thread running'
INFO: 2022-09-24 16:26:23,562: prepare_thread() 'Prepared buffer contains 0 images'
INFO: 2022-09-24 16:26:23,562: prepare_thread() 'Preparing some images'
INFO: 2022-09-24 16:26:23,563: update_indicator_icon() 'Creating indicator'
WARNING: 2022-09-24 16:26:23,566: create_menu() 'Variety Slideshow is not installed. This is an optional extension adding pan-and-zoom slideshows to Variety: see https://github.com/peterlevi/variety-slideshow for details'
INFO: 2022-09-24 16:26:23,566: create_indicator() 'indicator backend: AppIndicator3'
INFO: 2022-09-24 16:26:23,573: set_from_theme_icon() 'Showing indicator icon variety-indicator from GTK theme'
INFO: 2022-09-24 16:26:23,600: prepare_thread() 'After search prepared buffer contains 16 images'
INFO: 2022-09-24 16:26:23,662: do_set_wp() 'Calling do_set_wp with /home/sviolet/.config/variety/Favorites/wallhaven-5wzkg1.jpg, time: 1664029583.6620138'
INFO: 2022-09-24 16:26:23,662: apply_auto_rotate() 'ImageMagick auto-rotate cmd: convert /home/sviolet/.config/variety/Favorites/wallhaven-5wzkg1.jpg -auto-orient /home/sviolet/.config/variety/wallpaper/wallpaper-auto-rotated-6439d7bcb619209b09f69e9e454fa99c.jpg'
INFO: 2022-09-24 16:26:23,717: update_indicator() 'Setting file info to: /home/sviolet/.config/variety/Favorites/wallhaven-5wzkg1.jpg'
INFO: 2022-09-24 16:26:23,718: list_files() 'More than 1 files in the folders, stop listing'
INFO: 2022-09-24 16:26:24,722: reload() 'Reloading preferences dialog'
INFO: 2022-09-24 16:26:25,600: trigger_download() 'Triggering download thread to check if download needed and possible'
INFO: 2022-09-24 16:26:43,582: server_options_thread() 'Fetching server options from http://tiny.cc/variety-options-063'
INFO: 2022-09-24 16:26:44,181: server_options_thread() 'Fetched server options: {'flickr': {'min_fill_queue_interval': 1200, 'min_download_interval': 1200}, 'wallbase': {'min_fill_queue_interval': 1800, 'min_download_interval': 1800}, 'wallhaven': {'min_fill_queue_interval': 1800, 'min_download_interval': 1800}, 'wallpapers.net': {'min_fill_queue_interval': 601, 'min_download_interval': 0}, 'unsplash': {'min_fill_queue_interval': 20000000000, 'min_download_interval': 20000000000}, 'unsplash_v2': {'min_fill_queue_interval': 3600, 'min_download_interval': 1800}, 'status_message': {'0.0.1': '', '*': ''}}'
INFO: 2022-09-24 16:31:23,562: regular_change_thread() 'regular_change changes wallpaper'
INFO: 2022-09-24 16:31:23,562: set_wallpaper() 'Calling set_wallpaper with /usr/share/backgrounds/arcolinux/galaxy-2560x1600.png'
INFO: 2022-09-24 16:31:23,562: prepare_thread() 'Prepared buffer contains 15 images'
INFO: 2022-09-24 16:31:23,562: do_set_wp() 'Calling do_set_wp with /usr/share/backgrounds/arcolinux/galaxy-2560x1600.png, time: 1664029883.562324'
INFO: 2022-09-24 16:31:23,562: apply_auto_rotate() 'ImageMagick auto-rotate cmd: convert /usr/share/backgrounds/arcolinux/galaxy-2560x1600.png -auto-orient /home/sviolet/.config/variety/wallpaper/wallpaper-auto-rotated-6869132d8ae44807e89a5c0ec2ccf782.jpg'
INFO: 2022-09-24 16:31:23,725: update_indicator() 'Setting file info to: /usr/share/backgrounds/arcolinux/galaxy-2560x1600.png'
INFO: 2022-09-24 16:31:23,727: list_files() 'More than 1 files in the folders, stop listing'
INFO: 2022-09-24 16:31:25,562: trigger_download() 'Triggering download thread to check if download needed and possible'
INFO: 2022-09-24 16:36:25,091: regular_change_thread() 'regular_change changes wallpaper'
INFO: 2022-09-24 16:36:25,091: set_wallpaper() 'Calling set_wallpaper with /usr/share/backgrounds/xfce/xfce-stripes.png'
INFO: 2022-09-24 16:36:25,091: prepare_thread() 'Prepared buffer contains 14 images'
INFO: 2022-09-24 16:36:25,091: do_set_wp() 'Calling do_set_wp with /usr/share/backgrounds/xfce/xfce-stripes.png, time: 1664030185.0915258'
INFO: 2022-09-24 16:36:25,091: apply_auto_rotate() 'ImageMagick auto-rotate cmd: convert /usr/share/backgrounds/xfce/xfce-stripes.png -auto-orient /home/sviolet/.config/variety/wallpaper/wallpaper-auto-rotated-435a3ea053649bd7cf7473c394db5dfe.jpg'
INFO: 2022-09-24 16:36:25,262: update_indicator() 'Setting file info to: /usr/share/backgrounds/xfce/xfce-stripes.png'
INFO: 2022-09-24 16:36:25,262: list_files() 'More than 1 files in the folders, stop listing'
INFO: 2022-09-24 16:36:27,091: trigger_download() 'Triggering download thread to check if download needed and possible'
INFO: 2022-09-24 16:41:26,628: regular_change_thread() 'regular_change changes wallpaper'
INFO: 2022-09-24 16:41:26,628: set_wallpaper() 'Calling set_wallpaper with /usr/share/backgrounds/arcolinux/arco-login.jpg'
INFO: 2022-09-24 16:41:26,628: prepare_thread() 'Prepared buffer contains 13 images'
INFO: 2022-09-24 16:41:26,628: do_set_wp() 'Calling do_set_wp with /usr/share/backgrounds/arcolinux/arco-login.jpg, time: 1664030486.6283674'
INFO: 2022-09-24 16:41:26,628: apply_auto_rotate() 'ImageMagick auto-rotate cmd: convert /usr/share/backgrounds/arcolinux/arco-login.jpg -auto-orient /home/sviolet/.config/variety/wallpaper/wallpaper-auto-rotated-7bc5ffefa3369e97d7ddc7f4ea6c48be.jpg'
INFO: 2022-09-24 16:41:26,807: update_indicator() 'Setting file info to: /usr/share/backgrounds/arcolinux/arco-login.jpg'
INFO: 2022-09-24 16:41:26,807: list_files() 'More than 1 files in the folders, stop listing'
INFO: 2022-09-24 16:41:28,628: trigger_download() 'Triggering download thread to check if download needed and possible'
INFO: 2022-09-24 16:46:28,273: regular_change_thread() 'regular_change changes wallpaper'
INFO: 2022-09-24 16:46:28,273: set_wallpaper() 'Calling set_wallpaper with /usr/share/backgrounds/arcolinux/mystery-3840x2160.jpg'
INFO: 2022-09-24 16:46:28,273: prepare_thread() 'Prepared buffer contains 12 images'
INFO: 2022-09-24 16:46:28,273: do_set_wp() 'Calling do_set_wp with /usr/share/backgrounds/arcolinux/mystery-3840x2160.jpg, time: 1664030788.2733176'
INFO: 2022-09-24 16:46:28,273: apply_auto_rotate() 'ImageMagick auto-rotate cmd: convert /usr/share/backgrounds/arcolinux/mystery-3840x2160.jpg -auto-orient /home/sviolet/.config/variety/wallpaper/wallpaper-auto-rotated-cbf642fe7566b245d33347a31fd8c073.jpg'
INFO: 2022-09-24 16:46:28,500: update_indicator() 'Setting file info to: /usr/share/backgrounds/arcolinux/mystery-3840x2160.jpg'
INFO: 2022-09-24 16:46:28,501: list_files() 'More than 1 files in the folders, stop listing'
INFO: 2022-09-24 16:46:30,273: trigger_download() 'Triggering download thread to check if download needed and possible'
INFO: 2022-09-24 16:51:29,866: regular_change_thread() 'regular_change changes wallpaper'
INFO: 2022-09-24 16:51:29,866: set_wallpaper() 'Calling set_wallpaper with /usr/share/backgrounds/archlinux-login-backgrounds/att-01.jpg'
INFO: 2022-09-24 16:51:29,866: prepare_thread() 'Prepared buffer contains 11 images'
INFO: 2022-09-24 16:51:29,866: do_set_wp() 'Calling do_set_wp with /usr/share/backgrounds/archlinux-login-backgrounds/att-01.jpg, time: 1664031089.8668134'
INFO: 2022-09-24 16:51:29,867: apply_auto_rotate() 'ImageMagick auto-rotate cmd: convert /usr/share/backgrounds/archlinux-login-backgrounds/att-01.jpg -auto-orient /home/sviolet/.config/variety/wallpaper/wallpaper-auto-rotated-e537a7a76fb2e845d6eccfd64d64d3ea.jpg'
INFO: 2022-09-24 16:51:30,281: update_indicator() 'Setting file info to: /usr/share/backgrounds/archlinux-login-backgrounds/att-01.jpg'
INFO: 2022-09-24 16:51:30,282: list_files() 'More than 1 files in the folders, stop listing'
INFO: 2022-09-24 16:51:31,866: trigger_download() 'Triggering download thread to check if download needed and possible'
INFO: 2022-09-24 16:56:31,697: regular_change_thread() 'regular_change changes wallpaper'
INFO: 2022-09-24 16:56:31,697: set_wallpaper() 'Calling set_wallpaper with /usr/share/backgrounds/arcolinux/arco-wallpaper.jpg'
INFO: 2022-09-24 16:56:31,697: prepare_thread() 'Prepared buffer contains 10 images'
INFO: 2022-09-24 16:56:31,697: do_set_wp() 'Calling do_set_wp with /usr/share/backgrounds/arcolinux/arco-wallpaper.jpg, time: 1664031391.6974516'
INFO: 2022-09-24 16:56:31,697: prepare_thread() 'Preparing some images'
INFO: 2022-09-24 16:56:31,697: apply_auto_rotate() 'ImageMagick auto-rotate cmd: convert /usr/share/backgrounds/arcolinux/arco-wallpaper.jpg -auto-orient /home/sviolet/.config/variety/wallpaper/wallpaper-auto-rotated-460c8c8158a5a58999416af41900b99d.jpg'
INFO: 2022-09-24 16:56:31,735: prepare_thread() 'After search prepared buffer contains 16 images'
INFO: 2022-09-24 16:56:31,833: update_indicator() 'Setting file info to: /usr/share/backgrounds/arcolinux/arco-wallpaper.jpg'
INFO: 2022-09-24 16:56:31,833: list_files() 'More than 1 files in the folders, stop listing'
INFO: 2022-09-24 16:56:33,735: trigger_download() 'Triggering download thread to check if download needed and possible'
INFO: 2022-09-24 17:01:33,248: regular_change_thread() 'regular_change changes wallpaper'
INFO: 2022-09-24 17:01:33,249: set_wallpaper() 'Calling set_wallpaper with /usr/share/backgrounds/arcolinux/time-abstract.jpg'
INFO: 2022-09-24 17:01:33,249: prepare_thread() 'Prepared buffer contains 15 images'
INFO: 2022-09-24 17:01:33,249: do_set_wp() 'Calling do_set_wp with /usr/share/backgrounds/arcolinux/time-abstract.jpg, time: 1664031693.249189'
INFO: 2022-09-24 17:01:33,249: apply_auto_rotate() 'ImageMagick auto-rotate cmd: convert /usr/share/backgrounds/arcolinux/time-abstract.jpg -auto-orient /home/sviolet/.config/variety/wallpaper/wallpaper-auto-rotated-0e2758e00b26f656c3b27c1429f14237.jpg'
INFO: 2022-09-24 17:01:33,378: update_indicator() 'Setting file info to: /usr/share/backgrounds/arcolinux/time-abstract.jpg'
INFO: 2022-09-24 17:01:33,378: list_files() 'More than 1 files in the folders, stop listing'
INFO: 2022-09-24 17:01:35,249: trigger_download() 'Triggering download thread to check if download needed and possible'
INFO: 2022-09-24 17:06:34,793: regular_change_thread() 'regular_change changes wallpaper'
INFO: 2022-09-24 17:06:34,793: set_wallpaper() 'Calling set_wallpaper with /usr/share/backgrounds/xfce/xfce-verticals.png'
INFO: 2022-09-24 17:06:34,793: prepare_thread() 'Prepared buffer contains 14 images'
INFO: 2022-09-24 17:06:34,794: do_set_wp() 'Calling do_set_wp with /usr/share/backgrounds/xfce/xfce-verticals.png, time: 1664031994.7940872'
INFO: 2022-09-24 17:06:34,794: apply_auto_rotate() 'ImageMagick auto-rotate cmd: convert /usr/share/backgrounds/xfce/xfce-verticals.png -auto-orient /home/sviolet/.config/variety/wallpaper/wallpaper-auto-rotated-063bbc66592fd987fde87c2b9010ad19.jpg'
INFO: 2022-09-24 17:06:34,988: update_indicator() 'Setting file info to: /usr/share/backgrounds/xfce/xfce-verticals.png'
INFO: 2022-09-24 17:06:34,989: list_files() 'More than 1 files in the folders, stop listing'
INFO: 2022-09-24 17:06:36,794: trigger_download() 'Triggering download thread to check if download needed and possible'
INFO: 2022-09-24 17:11:36,354: regular_change_thread() 'regular_change changes wallpaper'
INFO: 2022-09-24 17:11:36,354: set_wallpaper() 'Calling set_wallpaper with /usr/share/backgrounds/archlinux-login-backgrounds/att-01.jpg'
INFO: 2022-09-24 17:11:36,354: prepare_thread() 'Prepared buffer contains 13 images'
INFO: 2022-09-24 17:11:36,354: do_set_wp() 'Calling do_set_wp with /usr/share/backgrounds/archlinux-login-backgrounds/att-01.jpg, time: 1664032296.3547168'
INFO: 2022-09-24 17:11:36,354: apply_auto_rotate() 'ImageMagick auto-rotate cmd: convert /usr/share/backgrounds/archlinux-login-backgrounds/att-01.jpg -auto-orient /home/sviolet/.config/variety/wallpaper/wallpaper-auto-rotated-b5d1b349b9b3c14330aa313cbadb2053.jpg'
INFO: 2022-09-24 17:11:36,765: update_indicator() 'Setting file info to: /usr/share/backgrounds/archlinux-login-backgrounds/att-01.jpg'
INFO: 2022-09-24 17:11:36,766: list_files() 'More than 1 files in the folders, stop listing'
INFO: 2022-09-24 17:11:38,354: trigger_download() 'Triggering download thread to check if download needed and possible'
INFO: 2022-09-24 17:16:38,130: regular_change_thread() 'regular_change changes wallpaper'
INFO: 2022-09-24 17:16:38,130: set_wallpaper() 'Calling set_wallpaper with /usr/share/backgrounds/arcolinux/sea-whale.jpg'
INFO: 2022-09-24 17:16:38,130: prepare_thread() 'Prepared buffer contains 12 images'
INFO: 2022-09-24 17:16:38,131: do_set_wp() 'Calling do_set_wp with /usr/share/backgrounds/arcolinux/sea-whale.jpg, time: 1664032598.1310806'
INFO: 2022-09-24 17:16:38,131: apply_auto_rotate() 'ImageMagick auto-rotate cmd: convert /usr/share/backgrounds/arcolinux/sea-whale.jpg -auto-orient /home/sviolet/.config/variety/wallpaper/wallpaper-auto-rotated-ee37a4ffe0bba90ac1e44810d53d4bd7.jpg'
INFO: 2022-09-24 17:16:38,443: update_indicator() 'Setting file info to: /usr/share/backgrounds/arcolinux/sea-whale.jpg'
INFO: 2022-09-24 17:16:38,444: list_files() 'More than 1 files in the folders, stop listing'
INFO: 2022-09-24 17:16:40,131: trigger_download() 'Triggering download thread to check if download needed and possible'
INFO: 2022-09-24 17:21:39,859: regular_change_thread() 'regular_change changes wallpaper'
INFO: 2022-09-24 17:21:39,859: set_wallpaper() 'Calling set_wallpaper with /usr/share/backgrounds/xfce/xfce-blue.jpg'
INFO: 2022-09-24 17:21:39,859: prepare_thread() 'Prepared buffer contains 11 images'
INFO: 2022-09-24 17:21:39,859: do_set_wp() 'Calling do_set_wp with /usr/share/backgrounds/xfce/xfce-blue.jpg, time: 1664032899.8598745'
INFO: 2022-09-24 17:21:39,860: apply_auto_rotate() 'ImageMagick auto-rotate cmd: convert /usr/share/backgrounds/xfce/xfce-blue.jpg -auto-orient /home/sviolet/.config/variety/wallpaper/wallpaper-auto-rotated-4c74e8148bf070788a49179731bfdda8.jpg'
INFO: 2022-09-24 17:21:39,960: update_indicator() 'Setting file info to: /usr/share/backgrounds/xfce/xfce-blue.jpg'
INFO: 2022-09-24 17:21:39,960: list_files() 'More than 1 files in the folders, stop listing'
INFO: 2022-09-24 17:21:41,860: trigger_download() 'Triggering download thread to check if download needed and possible'
INFO: 2022-09-24 17:21:50,248: set_wallpaper() 'Calling set_wallpaper with /home/sviolet/.config/variety/Favorites/wallhaven-dp1q1m.jpg'
INFO: 2022-09-24 17:21:50,248: prepare_thread() 'Prepared buffer contains 10 images'
INFO: 2022-09-24 17:21:50,248: do_set_wp() 'Calling do_set_wp with /home/sviolet/.config/variety/Favorites/wallhaven-dp1q1m.jpg, time: 1664032910.248779'
INFO: 2022-09-24 17:21:50,248: prepare_thread() 'Preparing some images'
INFO: 2022-09-24 17:21:50,249: apply_auto_rotate() 'ImageMagick auto-rotate cmd: convert /home/sviolet/.config/variety/Favorites/wallhaven-dp1q1m.jpg -auto-orient /home/sviolet/.config/variety/wallpaper/wallpaper-auto-rotated-4f2ef2ecb65c3ce50ae954c3bf106252.jpg'
INFO: 2022-09-24 17:21:50,286: prepare_thread() 'After search prepared buffer contains 16 images'
INFO: 2022-09-24 17:21:50,448: update_indicator() 'Setting file info to: /home/sviolet/.config/variety/Favorites/wallhaven-dp1q1m.jpg'
INFO: 2022-09-24 17:21:50,448: list_files() 'More than 1 files in the folders, stop listing'
INFO: 2022-09-24 17:21:52,286: trigger_download() 'Triggering download thread to check if download needed and possible'
INFO: 2022-09-24 17:26:51,863: regular_change_thread() 'regular_change changes wallpaper'
INFO: 2022-09-24 17:26:51,864: set_wallpaper() 'Calling set_wallpaper with /usr/share/backgrounds/xfce/xfce-teal.jpg'
INFO: 2022-09-24 17:26:51,864: prepare_thread() 'Prepared buffer contains 15 images'
INFO: 2022-09-24 17:26:51,864: do_set_wp() 'Calling do_set_wp with /usr/share/backgrounds/xfce/xfce-teal.jpg, time: 1664033211.8641803'
INFO: 2022-09-24 17:26:51,864: apply_auto_rotate() 'ImageMagick auto-rotate cmd: convert /usr/share/backgrounds/xfce/xfce-teal.jpg -auto-orient /home/sviolet/.config/variety/wallpaper/wallpaper-auto-rotated-4e90b2a62d77ca6c53c363d28f62df97.jpg'
INFO: 2022-09-24 17:26:52,032: update_indicator() 'Setting file info to: /usr/share/backgrounds/xfce/xfce-teal.jpg'
INFO: 2022-09-24 17:26:52,032: list_files() 'More than 1 files in the folders, stop listing'
INFO: 2022-09-24 17:26:53,864: trigger_download() 'Triggering download thread to check if download needed and possible'
INFO: 2022-09-24 17:31:53,448: regular_change_thread() 'regular_change changes wallpaper'
INFO: 2022-09-24 17:31:53,448: set_wallpaper() 'Calling set_wallpaper with /usr/share/backgrounds/xfce/xfce-verticals.png'
INFO: 2022-09-24 17:31:53,448: prepare_thread() 'Prepared buffer contains 14 images'
INFO: 2022-09-24 17:31:53,448: do_set_wp() 'Calling do_set_wp with /usr/share/backgrounds/xfce/xfce-verticals.png, time: 1664033513.4485507'
INFO: 2022-09-24 17:31:53,448: apply_auto_rotate() 'ImageMagick auto-rotate cmd: convert /usr/share/backgrounds/xfce/xfce-verticals.png -auto-orient /home/sviolet/.config/variety/wallpaper/wallpaper-auto-rotated-917bd04c7f327bb2b11af8022f4287cb.jpg'
INFO: 2022-09-24 17:31:53,642: update_indicator() 'Setting file info to: /usr/share/backgrounds/xfce/xfce-verticals.png'
INFO: 2022-09-24 17:31:53,643: list_files() 'More than 1 files in the folders, stop listing'
INFO: 2022-09-24 17:31:55,448: trigger_download() 'Triggering download thread to check if download needed and possible'
INFO: 2022-09-24 17:36:55,008: regular_change_thread() 'regular_change changes wallpaper'
INFO: 2022-09-24 17:36:55,008: set_wallpaper() 'Calling set_wallpaper with /usr/share/backgrounds/arcolinux/time-abstract.jpg'
INFO: 2022-09-24 17:36:55,008: prepare_thread() 'Prepared buffer contains 13 images'
INFO: 2022-09-24 17:36:55,008: do_set_wp() 'Calling do_set_wp with /usr/share/backgrounds/arcolinux/time-abstract.jpg, time: 1664033815.0086982'
INFO: 2022-09-24 17:36:55,008: apply_auto_rotate() 'ImageMagick auto-rotate cmd: convert /usr/share/backgrounds/arcolinux/time-abstract.jpg -auto-orient /home/sviolet/.config/variety/wallpaper/wallpaper-auto-rotated-a2ea443aedc016e16d2ff83108e63561.jpg'
INFO: 2022-09-24 17:36:55,136: update_indicator() 'Setting file info to: /usr/share/backgrounds/arcolinux/time-abstract.jpg'
INFO: 2022-09-24 17:36:55,137: list_files() 'More than 1 files in the folders, stop listing'
INFO: 2022-09-24 17:36:57,008: trigger_download() 'Triggering download thread to check if download needed and possible'
INFO: 2022-09-24 17:41:56,502: regular_change_thread() 'regular_change changes wallpaper'
INFO: 2022-09-24 17:41:56,502: set_wallpaper() 'Calling set_wallpaper with /usr/share/backgrounds/arcolinux/arco-login.jpg'
INFO: 2022-09-24 17:41:56,502: prepare_thread() 'Prepared buffer contains 12 images'
INFO: 2022-09-24 17:41:56,502: do_set_wp() 'Calling do_set_wp with /usr/share/backgrounds/arcolinux/arco-login.jpg, time: 1664034116.50252'
INFO: 2022-09-24 17:41:56,502: apply_auto_rotate() 'ImageMagick auto-rotate cmd: convert /usr/share/backgrounds/arcolinux/arco-login.jpg -auto-orient /home/sviolet/.config/variety/wallpaper/wallpaper-auto-rotated-dcfe49e34b503524d1a7ce73a0b66777.jpg'
INFO: 2022-09-24 17:41:56,679: update_indicator() 'Setting file info to: /usr/share/backgrounds/arcolinux/arco-login.jpg'
INFO: 2022-09-24 17:41:56,679: list_files() 'More than 1 files in the folders, stop listing'
INFO: 2022-09-24 17:41:58,502: trigger_download() 'Triggering download thread to check if download needed and possible'
INFO: 2022-09-24 17:46:58,094: regular_change_thread() 'regular_change changes wallpaper'
INFO: 2022-09-24 17:46:58,094: set_wallpaper() 'Calling set_wallpaper with /usr/share/backgrounds/archlinux-login-backgrounds/att-01.jpg'
INFO: 2022-09-24 17:46:58,094: prepare_thread() 'Prepared buffer contains 11 images'
INFO: 2022-09-24 17:46:58,095: do_set_wp() 'Calling do_set_wp with /usr/share/backgrounds/archlinux-login-backgrounds/att-01.jpg, time: 1664034418.0950258'
INFO: 2022-09-24 17:46:58,095: apply_auto_rotate() 'ImageMagick auto-rotate cmd: convert /usr/share/backgrounds/archlinux-login-backgrounds/att-01.jpg -auto-orient /home/sviolet/.config/variety/wallpaper/wallpaper-auto-rotated-4e65418bbe6e16355a66ce8deaefae0e.jpg'
INFO: 2022-09-24 17:46:58,505: update_indicator() 'Setting file info to: /usr/share/backgrounds/archlinux-login-backgrounds/att-01.jpg'
INFO: 2022-09-24 17:46:58,506: list_files() 'More than 1 files in the folders, stop listing'
INFO: 2022-09-24 17:47:00,095: trigger_download() 'Triggering download thread to check if download needed and possible'
INFO: 2022-09-24 17:51:59,871: regular_change_thread() 'regular_change changes wallpaper'
INFO: 2022-09-24 17:51:59,871: set_wallpaper() 'Calling set_wallpaper with /usr/share/backgrounds/archlinux-login-backgrounds/att-05.jpg'
INFO: 2022-09-24 17:51:59,871: prepare_thread() 'Prepared buffer contains 10 images'
INFO: 2022-09-24 17:51:59,871: do_set_wp() 'Calling do_set_wp with /usr/share/backgrounds/archlinux-login-backgrounds/att-05.jpg, time: 1664034719.8717732'
INFO: 2022-09-24 17:51:59,871: prepare_thread() 'Preparing some images'
INFO: 2022-09-24 17:51:59,871: apply_auto_rotate() 'ImageMagick auto-rotate cmd: convert /usr/share/backgrounds/archlinux-login-backgrounds/att-05.jpg -auto-orient /home/sviolet/.config/variety/wallpaper/wallpaper-auto-rotated-492ada9c0ab16c1d0aeffc6bfac872a7.jpg'
INFO: 2022-09-24 17:51:59,909: prepare_thread() 'After search prepared buffer contains 16 images'
INFO: 2022-09-24 17:52:00,118: update_indicator() 'Setting file info to: /usr/share/backgrounds/archlinux-login-backgrounds/att-05.jpg'
INFO: 2022-09-24 17:52:00,118: list_files() 'More than 1 files in the folders, stop listing'
INFO: 2022-09-24 17:52:01,909: trigger_download() 'Triggering download thread to check if download needed and possible'
INFO: 2022-09-24 17:57:01,483: regular_change_thread() 'regular_change changes wallpaper'
INFO: 2022-09-24 17:57:01,483: set_wallpaper() 'Calling set_wallpaper with /usr/share/backgrounds/arcolinux/glorious-voyage-3840x2160.jpg'
INFO: 2022-09-24 17:57:01,483: prepare_thread() 'Prepared buffer contains 15 images'
INFO: 2022-09-24 17:57:01,483: do_set_wp() 'Calling do_set_wp with /usr/share/backgrounds/arcolinux/glorious-voyage-3840x2160.jpg, time: 1664035021.4839697'
INFO: 2022-09-24 17:57:01,484: apply_auto_rotate() 'ImageMagick auto-rotate cmd: convert /usr/share/backgrounds/arcolinux/glorious-voyage-3840x2160.jpg -auto-orient /home/sviolet/.config/variety/wallpaper/wallpaper-auto-rotated-4e9cb6183633da1ddc1883acb1bcfb4f.jpg'
INFO: 2022-09-24 17:57:01,633: update_indicator() 'Setting file info to: /usr/share/backgrounds/arcolinux/glorious-voyage-3840x2160.jpg'
INFO: 2022-09-24 17:57:01,634: list_files() 'More than 1 files in the folders, stop listing'
INFO: 2022-09-24 17:57:03,484: trigger_download() 'Triggering download thread to check if download needed and possible'
INFO: 2022-09-24 18:02:02,998: regular_change_thread() 'regular_change changes wallpaper'
INFO: 2022-09-24 18:02:02,999: set_wallpaper() 'Calling set_wallpaper with /usr/share/backgrounds/arcolinux/galaxy-2560x1600.png'
INFO: 2022-09-24 18:02:02,999: prepare_thread() 'Prepared buffer contains 14 images'
INFO: 2022-09-24 18:02:02,999: do_set_wp() 'Calling do_set_wp with /usr/share/backgrounds/arcolinux/galaxy-2560x1600.png, time: 1664035322.999256'
INFO: 2022-09-24 18:02:02,999: apply_auto_rotate() 'ImageMagick auto-rotate cmd: convert /usr/share/backgrounds/arcolinux/galaxy-2560x1600.png -auto-orient /home/sviolet/.config/variety/wallpaper/wallpaper-auto-rotated-04943b209818922c17931f78d43b6518.jpg'
INFO: 2022-09-24 18:02:03,162: update_indicator() 'Setting file info to: /usr/share/backgrounds/arcolinux/galaxy-2560x1600.png'
INFO: 2022-09-24 18:02:03,164: list_files() 'More than 1 files in the folders, stop listing'
INFO: 2022-09-24 18:02:04,999: trigger_download() 'Triggering download thread to check if download needed and possible'
INFO: 2022-09-24 18:07:04,528: regular_change_thread() 'regular_change changes wallpaper'
INFO: 2022-09-24 18:07:04,528: set_wallpaper() 'Calling set_wallpaper with /usr/share/backgrounds/arcolinux/arco-wallpaper.jpg'
INFO: 2022-09-24 18:07:04,528: prepare_thread() 'Prepared buffer contains 13 images'
INFO: 2022-09-24 18:07:04,528: do_set_wp() 'Calling do_set_wp with /usr/share/backgrounds/arcolinux/arco-wallpaper.jpg, time: 1664035624.528804'
INFO: 2022-09-24 18:07:04,529: apply_auto_rotate() 'ImageMagick auto-rotate cmd: convert /usr/share/backgrounds/arcolinux/arco-wallpaper.jpg -auto-orient /home/sviolet/.config/variety/wallpaper/wallpaper-auto-rotated-680c8b6d85c8d37018abf74f706935aa.jpg'
INFO: 2022-09-24 18:07:04,663: update_indicator() 'Setting file info to: /usr/share/backgrounds/arcolinux/arco-wallpaper.jpg'
INFO: 2022-09-24 18:07:04,664: list_files() 'More than 1 files in the folders, stop listing'
INFO: 2022-09-24 18:07:06,528: trigger_download() 'Triggering download thread to check if download needed and possible'
INFO: 2022-09-24 18:12:06,029: regular_change_thread() 'regular_change changes wallpaper'
INFO: 2022-09-24 18:12:06,029: set_wallpaper() 'Calling set_wallpaper with /usr/share/backgrounds/arcolinux/rocket-7680x4320.png'
INFO: 2022-09-24 18:12:06,029: prepare_thread() 'Prepared buffer contains 12 images'
INFO: 2022-09-24 18:12:06,029: do_set_wp() 'Calling do_set_wp with /usr/share/backgrounds/arcolinux/rocket-7680x4320.png, time: 1664035926.029592'
INFO: 2022-09-24 18:12:06,029: apply_auto_rotate() 'ImageMagick auto-rotate cmd: convert /usr/share/backgrounds/arcolinux/rocket-7680x4320.png -auto-orient /home/sviolet/.config/variety/wallpaper/wallpaper-auto-rotated-269b141aa9de4885aaa37fe7d41e569b.jpg'
INFO: 2022-09-24 18:12:06,669: update_indicator() 'Setting file info to: /usr/share/backgrounds/arcolinux/rocket-7680x4320.png'
INFO: 2022-09-24 18:12:06,670: list_files() 'More than 1 files in the folders, stop listing'
INFO: 2022-09-24 18:12:08,029: trigger_download() 'Triggering download thread to check if download needed and possible'
INFO: 2022-09-24 18:17:08,085: regular_change_thread() 'regular_change changes wallpaper'
INFO: 2022-09-24 18:17:08,085: set_wallpaper() 'Calling set_wallpaper with /usr/share/backgrounds/xfce/xfce-teal.jpg'
INFO: 2022-09-24 18:17:08,085: prepare_thread() 'Prepared buffer contains 11 images'
INFO: 2022-09-24 18:17:08,085: do_set_wp() 'Calling do_set_wp with /usr/share/backgrounds/xfce/xfce-teal.jpg, time: 1664036228.0853913'
INFO: 2022-09-24 18:17:08,085: apply_auto_rotate() 'ImageMagick auto-rotate cmd: convert /usr/share/backgrounds/xfce/xfce-teal.jpg -auto-orient /home/sviolet/.config/variety/wallpaper/wallpaper-auto-rotated-3a47a63ac21c3c5451831b2298bd4441.jpg'
INFO: 2022-09-24 18:17:08,249: update_indicator() 'Setting file info to: /usr/share/backgrounds/xfce/xfce-teal.jpg'
INFO: 2022-09-24 18:17:08,250: list_files() 'More than 1 files in the folders, stop listing'
INFO: 2022-09-24 18:17:10,085: trigger_download() 'Triggering download thread to check if download needed and possible'
INFO: 2022-09-24 19:20:57,204: update_indicator() 'Setting file info to: /usr/share/backgrounds/xfce/xfce-teal.jpg'
INFO: 2022-09-24 19:20:57,205: list_files() 'More than 1 files in the folders, stop listing'
INFO: 2022-09-24 19:20:58,474: set_wallpaper() 'Calling set_wallpaper with /home/sviolet/.config/variety/Favorites/wallhaven-5wzkg1.jpg'
INFO: 2022-09-24 19:20:58,474: do_set_wp() 'Calling do_set_wp with /home/sviolet/.config/variety/Favorites/wallhaven-5wzkg1.jpg, time: 1664040058.4749072'
INFO: 2022-09-24 19:20:58,475: apply_auto_rotate() 'ImageMagick auto-rotate cmd: convert /home/sviolet/.config/variety/Favorites/wallhaven-5wzkg1.jpg -auto-orient /home/sviolet/.config/variety/wallpaper/wallpaper-auto-rotated-a65ef0838677ef72d988ae4ad6eff9d6.jpg'
INFO: 2022-09-24 19:20:58,530: update_indicator() 'Setting file info to: /home/sviolet/.config/variety/Favorites/wallhaven-5wzkg1.jpg'
INFO: 2022-09-24 19:20:58,531: list_files() 'More than 1 files in the folders, stop listing'
INFO: 2022-09-24 19:21:06,758: update_indicator() 'Setting file info to: /home/sviolet/.config/variety/Favorites/wallhaven-5wzkg1.jpg'
INFO: 2022-09-24 19:21:06,758: list_files() 'More than 1 files in the folders, stop listing'
INFO: 2022-09-24 19:25:59,946: regular_change_thread() 'regular_change changes wallpaper'
INFO: 2022-09-24 19:25:59,946: set_wallpaper() 'Calling set_wallpaper with /home/sviolet/.config/variety/Favorites/photo-1660309135532-4032c4409f28.jpg'
INFO: 2022-09-24 19:25:59,946: prepare_thread() 'Prepared buffer contains 10 images'
INFO: 2022-09-24 19:25:59,946: do_set_wp() 'Calling do_set_wp with /home/sviolet/.config/variety/Favorites/photo-1660309135532-4032c4409f28.jpg, time: 1664040359.9469755'
INFO: 2022-09-24 19:25:59,947: prepare_thread() 'Preparing some images'
INFO: 2022-09-24 19:25:59,947: apply_auto_rotate() 'ImageMagick auto-rotate cmd: convert /home/sviolet/.config/variety/Favorites/photo-1660309135532-4032c4409f28.jpg -auto-orient /home/sviolet/.config/variety/wallpaper/wallpaper-auto-rotated-f73dc571ce188d7b5cf5941d21636ffe.jpg'
INFO: 2022-09-24 19:25:59,984: prepare_thread() 'After search prepared buffer contains 16 images'
INFO: 2022-09-24 19:26:00,070: update_indicator() 'Setting file info to: /home/sviolet/.config/variety/Favorites/photo-1660309135532-4032c4409f28.jpg'
INFO: 2022-09-24 19:26:00,070: list_files() 'More than 1 files in the folders, stop listing'
INFO: 2022-09-24 19:26:01,984: trigger_download() 'Triggering download thread to check if download needed and possible'
INFO: 2022-09-24 19:31:01,535: regular_change_thread() 'regular_change changes wallpaper'
INFO: 2022-09-24 19:31:01,536: set_wallpaper() 'Calling set_wallpaper with /usr/share/backgrounds/archlinux-login-backgrounds/att-05.jpg'
INFO: 2022-09-24 19:31:01,536: prepare_thread() 'Prepared buffer contains 15 images'
INFO: 2022-09-24 19:31:01,536: do_set_wp() 'Calling do_set_wp with /usr/share/backgrounds/archlinux-login-backgrounds/att-05.jpg, time: 1664040661.5361974'
INFO: 2022-09-24 19:31:01,536: apply_auto_rotate() 'ImageMagick auto-rotate cmd: convert /usr/share/backgrounds/archlinux-login-backgrounds/att-05.jpg -auto-orient /home/sviolet/.config/variety/wallpaper/wallpaper-auto-rotated-fa5fc71035053b43fe433309693ce246.jpg'
INFO: 2022-09-24 19:31:01,785: update_indicator() 'Setting file info to: /usr/share/backgrounds/archlinux-login-backgrounds/att-05.jpg'
INFO: 2022-09-24 19:31:01,786: list_files() 'More than 1 files in the folders, stop listing'
INFO: 2022-09-24 19:31:03,536: trigger_download() 'Triggering download thread to check if download needed and possible'
INFO: 2022-09-24 19:36:03,251: regular_change_thread() 'regular_change changes wallpaper'
INFO: 2022-09-24 19:36:03,251: set_wallpaper() 'Calling set_wallpaper with /home/sviolet/.config/variety/Favorites/wallhaven-dp1q1m.jpg'
INFO: 2022-09-24 19:36:03,251: prepare_thread() 'Prepared buffer contains 14 images'
INFO: 2022-09-24 19:36:03,251: do_set_wp() 'Calling do_set_wp with /home/sviolet/.config/variety/Favorites/wallhaven-dp1q1m.jpg, time: 1664040963.2514849'
INFO: 2022-09-24 19:36:03,251: apply_auto_rotate() 'ImageMagick auto-rotate cmd: convert /home/sviolet/.config/variety/Favorites/wallhaven-dp1q1m.jpg -auto-orient /home/sviolet/.config/variety/wallpaper/wallpaper-auto-rotated-d51f69c1fd566688f7259b8085228916.jpg'
INFO: 2022-09-24 19:36:03,477: update_indicator() 'Setting file info to: /home/sviolet/.config/variety/Favorites/wallhaven-dp1q1m.jpg'
INFO: 2022-09-24 19:36:03,477: list_files() 'More than 1 files in the folders, stop listing'
INFO: 2022-09-24 19:36:05,251: trigger_download() 'Triggering download thread to check if download needed and possible'
INFO: 2022-09-24 19:41:04,893: regular_change_thread() 'regular_change changes wallpaper'
INFO: 2022-09-24 19:41:04,893: set_wallpaper() 'Calling set_wallpaper with /usr/share/backgrounds/xfce/xfce-blue.jpg'
INFO: 2022-09-24 19:41:04,893: prepare_thread() 'Prepared buffer contains 13 images'
INFO: 2022-09-24 19:41:04,893: do_set_wp() 'Calling do_set_wp with /usr/share/backgrounds/xfce/xfce-blue.jpg, time: 1664041264.8934207'
INFO: 2022-09-24 19:41:04,893: apply_auto_rotate() 'ImageMagick auto-rotate cmd: convert /usr/share/backgrounds/xfce/xfce-blue.jpg -auto-orient /home/sviolet/.config/variety/wallpaper/wallpaper-auto-rotated-156be70ccce745861c36329543153f69.jpg'
INFO: 2022-09-24 19:41:04,994: update_indicator() 'Setting file info to: /usr/share/backgrounds/xfce/xfce-blue.jpg'
INFO: 2022-09-24 19:41:04,994: list_files() 'More than 1 files in the folders, stop listing'
INFO: 2022-09-24 19:41:06,893: trigger_download() 'Triggering download thread to check if download needed and possible'
INFO: 2022-09-24 19:46:06,459: regular_change_thread() 'regular_change changes wallpaper'
INFO: 2022-09-24 19:46:06,460: set_wallpaper() 'Calling set_wallpaper with /usr/share/backgrounds/xfce/xfce-verticals.png'
INFO: 2022-09-24 19:46:06,460: prepare_thread() 'Prepared buffer contains 12 images'
INFO: 2022-09-24 19:46:06,460: do_set_wp() 'Calling do_set_wp with /usr/share/backgrounds/xfce/xfce-verticals.png, time: 1664041566.4603608'
INFO: 2022-09-24 19:46:06,460: apply_auto_rotate() 'ImageMagick auto-rotate cmd: convert /usr/share/backgrounds/xfce/xfce-verticals.png -auto-orient /home/sviolet/.config/variety/wallpaper/wallpaper-auto-rotated-14451b7a36fc3fe2e5c1497052cc63a4.jpg'
INFO: 2022-09-24 19:46:06,681: update_indicator() 'Setting file info to: /usr/share/backgrounds/xfce/xfce-verticals.png'
INFO: 2022-09-24 19:46:06,682: list_files() 'More than 1 files in the folders, stop listing'
INFO: 2022-09-24 19:46:08,460: trigger_download() 'Triggering download thread to check if download needed and possible'
