ERROR: ld.so: object '/home/sviolet/.local/share/Steam/ubuntu12_32/gameoverlayrenderer.so' from LD_PRELOAD cannot be preloaded (wrong ELF class: ELFCLASS32): ignored.
ERROR: ld.so: object '/home/sviolet/.local/share/Steam/ubuntu12_32/gameoverlayrenderer.so' from LD_PRELOAD cannot be preloaded (wrong ELF class: ELFCLASS32): ignored.
ERROR: ld.so: object '/home/sviolet/.local/share/Steam/ubuntu12_32/gameoverlayrenderer.so' from LD_PRELOAD cannot be preloaded (wrong ELF class: ELFCLASS32): ignored.
ERROR: ld.so: object '/home/sviolet/.local/share/Steam/ubuntu12_32/gameoverlayrenderer.so' from LD_PRELOAD cannot be preloaded (wrong ELF class: ELFCLASS32): ignored.
Setting breakpad minidump AppID = 540840
Steam_SetMinidumpSteamID:  Caching Steam ID:  76561198141789973 [API loaded no]
EXT_swap_control GLX_EXT_swap_control_tear GLX_EXT_texture_from_pixmap GLX_EXT_visual_info GLX_EXT_visual_rating GLX_INTEL_swap_event GLX_MESA_copy_sub_buffer GLX_MESA_query_renderer GLX_MESA_swap_control GLX_OML_swap_method GLX_OML_sync_control GLX_SGIS_multisample GLX_SGIX_fbconfig GLX_SGIX_pbuffer GLX_SGIX_visual_select_group GLX_SGI_make_current_read GLX_SGI_swap_control GLX_SGI_video_sync 
Setting maxVSyncInterval to 4
Renderer: AMD Radeon RX 6500 XT (beige_goby, LLVM 14.0.6, DRM 3.47, 5.19.7-arch1-1)
Vendor:   AMD
Version:  4.6 (Core Profile) Mesa 22.1.7
GLES:     0
 GL_AMD_conservative_depth GL_AMD_depth_clamp_separate GL_AMD_draw_buffers_blend GL_AMD_framebuffer_multisample_advanced GL_AMD_gpu_shader_int64 GL_AMD_multi_draw_indirect GL_AMD_performance_monitor GL_AMD_pinned_memory GL_AMD_query_buffer_object GL_AMD_seamless_cubemap_per_texture GL_AMD_shader_stencil_export GL_AMD_shader_trinary_minmax GL_AMD_texture_texture4 GL_AMD_vertex_shader_layer GL_AMD_vertex_shader_viewport_index GL_ANGLE_texture_compression_dxt3 GL_ANGLE_texture_compression_dxt5 GL_ARB_ES2_compatibility GL_ARB_ES3_1_compatibility GL_ARB_ES3_2_compatibility GL_ARB_ES3_compatibility GL_ARB_arrays_of_arrays GL_ARB_base_instance GL_ARB_bindless_texture GL_ARB_blend_func_extended GL_ARB_buffer_storage GL_ARB_clear_buffer_object GL_ARB_clear_texture GL_ARB_clip_control GL_ARB_color_buffer_float GL_ARB_compressed_texture_pixel_storage GL_ARB_compute_shader GL_ARB_compute_variable_group_size GL_ARB_conditional_render_inverted GL_ARB_conservative_depth GL_ARB_copy_buffer GL_ARB_copy_image GL_ARB_cull_dist
ance GL_ARB_debug_output GL_ARB_depth_buffer_float GL_ARB_depth_clamp GL_ARB_derivative_control GL_ARB_direct_state_access GL_ARB_draw_buffers GL_ARB_draw_buffers_blend GL_ARB_draw_elements_base_vertex GL_ARB_draw_indirect GL_ARB_draw_instanced GL_ARB_enhanced_layouts GL_ARB_explicit_attrib_location GL_ARB_explicit_uniform_location GL_ARB_fragment_coord_conventions GL_ARB_fragment_layer_viewport GL_ARB_fragment_shader GL_ARB_framebuffer_no_attachments GL_ARB_framebuffer_object GL_ARB_framebuffer_sRGB GL_ARB_get_program_binary GL_ARB_get_texture_sub_image GL_ARB_gl_spirv GL_ARB_gpu_shader5 GL_ARB_gpu_shader_fp64 GL_ARB_gpu_shader_int64 GL_ARB_half_float_pixel GL_ARB_half_float_vertex GL_ARB_indirect_parameters GL_ARB_instanced_arrays GL_ARB_internalformat_query GL_ARB_internalformat_query2 GL_ARB_invalidate_subdata GL_ARB_map_buffer_alignment GL_ARB_map_buffer_range GL_ARB_multi_bind GL_ARB_multi_draw_indirect GL_ARB_occlusion_query2 GL_ARB_parallel_shader_compile GL_ARB_pipeline_statistics_query GL_ARB_pixel
_buffer_object GL_ARB_point_sprite GL_ARB_polygon_offset_clamp GL_ARB_post_depth_coverage GL_ARB_program_interface_query GL_ARB_provoking_vertex GL_ARB_query_buffer_object GL_ARB_robust_buffer_access_behavior GL_ARB_robustness GL_ARB_sample_shading GL_ARB_sampler_objects GL_ARB_seamless_cube_map GL_ARB_seamless_cubemap_per_texture GL_ARB_separate_shader_objects GL_ARB_shader_atomic_counter_ops GL_ARB_shader_atomic_counters GL_ARB_shader_ballot GL_ARB_shader_bit_encoding GL_ARB_shader_clock GL_ARB_shader_draw_parameters GL_ARB_shader_group_vote GL_ARB_shader_image_load_store GL_ARB_shader_image_size GL_ARB_shader_objects GL_ARB_shader_precision GL_ARB_shader_stencil_export GL_ARB_shader_storage_buffer_object GL_ARB_shader_subroutine GL_ARB_shader_texture_image_samples GL_ARB_shader_texture_lod GL_ARB_shader_viewport_layer_array GL_ARB_shading_language_420pack GL_ARB_shading_language_include GL_ARB_shading_language_packing GL_ARB_sparse_buffer GL_ARB_sparse_texture GL_ARB_sparse_texture2 GL_ARB_sparse_texture_
clamp GL_ARB_spirv_extensions GL_ARB_stencil_texturing GL_ARB_sync GL_ARB_tessellation_shader GL_ARB_texture_barrier GL_ARB_texture_buffer_object GL_ARB_texture_buffer_object_rgb32 GL_ARB_texture_buffer_range GL_ARB_texture_compression_bptc GL_ARB_texture_compression_rgtc GL_ARB_texture_cube_map_array GL_ARB_texture_filter_anisotropic GL_ARB_texture_float GL_ARB_texture_gather GL_ARB_texture_mirror_clamp_to_edge GL_ARB_texture_multisample GL_ARB_texture_non_power_of_two GL_ARB_texture_query_levels GL_ARB_texture_query_lod GL_ARB_texture_rectangle GL_ARB_texture_rg GL_ARB_texture_rgb10_a2ui GL_ARB_texture_stencil8 GL_ARB_texture_storage GL_ARB_texture_storage_multisample GL_ARB_texture_swizzle GL_ARB_texture_view GL_ARB_timer_query GL_ARB_transform_feedback2 GL_ARB_transform_feedback3 GL_ARB_transform_feedback_instanced GL_ARB_transform_feedback_overflow_query GL_ARB_uniform_buffer_object GL_ARB_vertex_array_bgra GL_ARB_vertex_array_object GL_ARB_vertex_attrib_64bit GL_ARB_vertex_attrib_binding GL_ARB_vertex_
buffer_object GL_ARB_vertex_shader GL_ARB_vertex_type_10f_11f_11f_rev GL_ARB_vertex_type_2_10_10_10_rev GL_ARB_viewport_array GL_ATI_blend_equation_separate GL_ATI_meminfo GL_ATI_texture_float GL_ATI_texture_mirror_once GL_EXT_EGL_image_storage GL_EXT_EGL_sync GL_EXT_abgr GL_EXT_blend_equation_separate GL_EXT_demote_to_helper_invocation GL_EXT_depth_bounds_test GL_EXT_draw_buffers2 GL_EXT_draw_instanced GL_EXT_framebuffer_blit GL_EXT_framebuffer_multisample GL_EXT_framebuffer_multisample_blit_scaled GL_EXT_framebuffer_object GL_EXT_framebuffer_sRGB GL_EXT_memory_object GL_EXT_memory_object_fd GL_EXT_packed_depth_stencil GL_EXT_packed_float GL_EXT_pixel_buffer_object GL_EXT_polygon_offset_clamp GL_EXT_provoking_vertex GL_EXT_semaphore GL_EXT_semaphore_fd GL_EXT_shader_image_load_formatted GL_EXT_shader_image_load_store GL_EXT_shader_integer_mix GL_EXT_shader_samples_identical GL_EXT_texture_array GL_EXT_texture_compression_dxt1 GL_EXT_texture_compression_rgtc GL_EXT_texture_compression_s3tc GL_EXT_texture_fil
ter_anisotropic GL_EXT_texture_integer GL_EXT_texture_mirror_clamp GL_EXT_texture_sRGB GL_EXT_texture_sRGB_R8 GL_EXT_texture_sRGB_RG8 GL_EXT_texture_sRGB_decode GL_EXT_texture_shadow_lod GL_EXT_texture_shared_exponent GL_EXT_texture_snorm GL_EXT_texture_swizzle GL_EXT_timer_query GL_EXT_transform_feedback GL_EXT_vertex_array_bgra GL_EXT_vertex_attrib_64bit GL_EXT_window_rectangles GL_IBM_multimode_draw_arrays GL_INTEL_blackhole_render GL_KHR_blend_equation_advanced GL_KHR_context_flush_control GL_KHR_debug GL_KHR_no_error GL_KHR_parallel_shader_compile GL_KHR_robust_buffer_access_behavior GL_KHR_robustness GL_KHR_texture_compression_astc_ldr GL_KHR_texture_compression_astc_sliced_3d GL_MESA_framebuffer_flip_y GL_MESA_pack_invert GL_MESA_shader_integer_functions GL_MESA_texture_signed_rgba GL_NVX_gpu_memory_info GL_NV_alpha_to_coverage_dither_control GL_NV_compute_shader_derivatives GL_NV_conditional_render GL_NV_copy_image GL_NV_depth_clamp GL_NV_packed_depth_stencil GL_NV_shader_atomic_int64 GL_NV_texture_b
arrier GL_NV_vdpau_interop GL_OES_EGL_image GL_S3_s3tc
OPENGL LOG: Creating OpenGL 4.6 graphics device ; Context level  <OpenGL 4.5> ; Context handle 45099248
AudioManager: Using PulseAudio: Default Output Device
Begin MonoManager ReloadAssembly
Platform assembly: /home/sviolet/.local/share/Steam/steamapps/common/Lara Croft GO/Lara Croft GO_Data/Managed/UnityEngine.dll (this message is harmless)
Loading /home/sviolet/.local/share/Steam/steamapps/common/Lara Croft GO/Lara Croft GO_Data/Managed/UnityEngine.dll into Unity Child Domain
Platform assembly: /home/sviolet/.local/share/Steam/steamapps/common/Lara Croft GO/Lara Croft GO_Data/Managed/Assembly-CSharp-firstpass.dll (this message is harmless)
Loading /home/sviolet/.local/share/Steam/steamapps/common/Lara Croft GO/Lara Croft GO_Data/Managed/Assembly-CSharp-firstpass.dll into Unity Child Domain
Platform assembly: /home/sviolet/.local/share/Steam/steamapps/common/Lara Croft GO/Lara Croft GO_Data/Managed/Assembly-CSharp.dll (this message is harmless)
Loading /home/sviolet/.local/share/Steam/steamapps/common/Lara Croft GO/Lara Croft GO_Data/Managed/Assembly-CSharp.dll into Unity Child Domain
Platform assembly: /home/sviolet/.local/share/Steam/steamapps/common/Lara Croft GO/Lara Croft GO_Data/Managed/UnityEngine.UI.dll (this message is harmless)
Loading /home/sviolet/.local/share/Steam/steamapps/common/Lara Croft GO/Lara Croft GO_Data/Managed/UnityEngine.UI.dll into Unity Child Domain
Platform assembly: /home/sviolet/.local/share/Steam/steamapps/common/Lara Croft GO/Lara Croft GO_Data/Managed/UnityEngine.Networking.dll (this message is harmless)
Loading /home/sviolet/.local/share/Steam/steamapps/common/Lara Croft GO/Lara Croft GO_Data/Managed/UnityEngine.Networking.dll into Unity Child Domain
Platform assembly: /home/sviolet/.local/share/Steam/steamapps/common/Lara Croft GO/Lara Croft GO_Data/Managed/DOTween.dll (this message is harmless)
Loading /home/sviolet/.local/share/Steam/steamapps/common/Lara Croft GO/Lara Croft GO_Data/Managed/DOTween.dll into Unity Child Domain
Platform assembly: /home/sviolet/.local/share/Steam/steamapps/common/Lara Croft GO/Lara Croft GO_Data/Managed/DOTween43.dll (this message is harmless)
Loading /home/sviolet/.local/share/Steam/steamapps/common/Lara Croft GO/Lara Croft GO_Data/Managed/DOTween43.dll into Unity Child Domain
Platform assembly: /home/sviolet/.local/share/Steam/steamapps/common/Lara Croft GO/Lara Croft GO_Data/Managed/DOTween46.dll (this message is harmless)
Loading /home/sviolet/.local/share/Steam/steamapps/common/Lara Croft GO/Lara Croft GO_Data/Managed/DOTween46.dll into Unity Child Domain
Platform assembly: /home/sviolet/.local/share/Steam/steamapps/common/Lara Croft GO/Lara Croft GO_Data/Managed/DOTween50.dll (this message is harmless)
Loading /home/sviolet/.local/share/Steam/steamapps/common/Lara Croft GO/Lara Croft GO_Data/Managed/DOTween50.dll into Unity Child Domain
Platform assembly: /home/sviolet/.local/share/Steam/steamapps/common/Lara Croft GO/Lara Croft GO_Data/Managed/SonyNP.dll (this message is harmless)
Loading /home/sviolet/.local/share/Steam/steamapps/common/Lara Croft GO/Lara Croft GO_Data/Managed/SonyNP.dll into Unity Child Domain
Platform assembly: /home/sviolet/.local/share/Steam/steamapps/common/Lara Croft GO/Lara Croft GO_Data/Managed/SonyPS4SavedGames.dll (this message is harmless)
Loading /home/sviolet/.local/share/Steam/steamapps/common/Lara Croft GO/Lara Croft GO_Data/Managed/SonyPS4SavedGames.dll into Unity Child Domain
Platform assembly: /home/sviolet/.local/share/Steam/steamapps/common/Lara Croft GO/Lara Croft GO_Data/Managed/SonyVitaSavedGames.dll (this message is harmless)
Loading /home/sviolet/.local/share/Steam/steamapps/common/Lara Croft GO/Lara Croft GO_Data/Managed/SonyVitaSavedGames.dll into Unity Child Domain
- Completed reload, in  0.021 seconds
Platform assembly: /home/sviolet/.local/share/Steam/steamapps/common/Lara Croft GO/Lara Croft GO_Data/Managed/System.Core.dll (this message is harmless)
Platform assembly: /home/sviolet/.local/share/Steam/steamapps/common/Lara Croft GO/Lara Croft GO_Data/Managed/System.dll (this message is harmless)
Default vsync count 1
requesting resize -1 x -1
Using native desktop resolution 2560 x 1440

Selecting FBConfig
GLX_FBCONFIG_ID=428
GLX_BUFFER_SIZE=32
GLX_DOUBLEBUFFER=1
GLX_RED_SIZE=8
GLX_GREEN_SIZE=8
GLX_BLUE_SIZE=8
GLX_ALPHA_SIZE=8
GLX_DEPTH_SIZE=24
GLX_STENCIL_SIZE=8
GLX_SAMPLES_ARB=8
GLX_SAMPLE_BUFFERS_ARB=1
GLX_STEREO=0
GLX_CONFIG_CAVEAT=NONE

requesting fullscreen 2560 x 1440 at 0 Hz
Desktop is 2560 x 1440 @ 60 Hz
Using libudev for joystick management


Importing game controller configs
UnloadTime: 0.613000 ms
Platform assembly: /home/sviolet/.local/share/Steam/steamapps/common/Lara Croft GO/Lara Croft GO_Data/Managed/Mono.Security.dll (this message is harmless)
Platform assembly: /home/sviolet/.local/share/Steam/steamapps/common/Lara Croft GO/Lara Croft GO_Data/Managed/System.Configuration.dll (this message is harmless)
Platform assembly: /home/sviolet/.local/share/Steam/steamapps/common/Lara Croft GO/Lara Croft GO_Data/Managed/System.Xml.dll (this message is harmless)
Version.txt found. Contents:
MAJOR = 2
MINOR = 1
BUILD = 126229
BRANCH = 79bbbe2c663daf1a
ISFROMBUILDSERVER = True
DATE = 2019-02-05 08:48:50

 
(Filename: /home/builduser/buildslave/unity/build/artifacts/generated/common/runtime/UnityEngineDebugBindings.gen.cpp Line: 42)

Changing real window size to 2560 x 1440
Changing real window size to 2560 x 1385
Changing real window size to 2560 x 1385
Changing real window size to 2560 x 1440
Changing real window size to 2560 x 1385
Changing real window size to 2560 x 1385
Changing real window size to 2560 x 1440
Changing real window size to 2560 x 1440
Changing real window size to 2560 x 1440
Shader warmup: 34 shaders 420 combinations 0.939s
french
 
(Filename: /home/builduser/buildslave/unity/build/artifacts/generated/common/runtime/UnityEngineDebugBindings.gen.cpp Line: 42)

Setting language to current steam language: french
 
(Filename: /home/builduser/buildslave/unity/build/artifacts/generated/common/runtime/UnityEngineDebugBindings.gen.cpp Line: 42)

FR
 
(Filename: /home/builduser/buildslave/unity/build/artifacts/generated/common/runtime/UnityEngineDebugBindings.gen.cpp Line: 42)

requesting resize 2560 x 1440
Using native desktop resolution 2560 x 1440
requesting fullscreen 2560 x 1440 at 60 Hz
Desktop is 2560 x 1440 @ 60 Hz
Unloading 5 Unused Serialized files (Serialized files now loaded: 0)

Unloading 138 unused Assets to reduce memory usage. Loaded Objects now: 5917.
Total: 1.826000 ms (FindLiveObjects: 0.160000 ms CreateObjectMapping: 0.186000 ms MarkObjects: 1.427000 ms  DeleteObjects: 0.053000 ms)

Unloading 1 Unused Serialized files (Serialized files now loaded: 0)

Unloading 295 unused Assets to reduce memory usage. Loaded Objects now: 6745.
Total: 1.822000 ms (FindLiveObjects: 0.210000 ms CreateObjectMapping: 0.095000 ms MarkObjects: 1.387000 ms  DeleteObjects: 0.130000 ms)

homeview in Enter HomeViewSpinner (HomeViewSpinner)
 
(Filename: /home/builduser/buildslave/unity/build/artifacts/generated/common/runtime/UnityEngineDebugBindings.gen.cpp Line: 42)

Home OnOtherViewLeaving 2
 
(Filename: /home/builduser/buildslave/unity/build/artifacts/generated/common/runtime/UnityEngineDebugBindings.gen.cpp Line: 42)

Unloading 1 Unused Serialized files (Serialized files now loaded: 0)
homeview focus TrueHomeViewSpinner (HomeViewSpinner)
 
(Filename: /home/builduser/buildslave/unity/build/artifacts/generated/common/runtime/UnityEngineDebugBindings.gen.cpp Line: 42)


Unloading 16 unused Assets to reduce memory usage. Loaded Objects now: 6661.
Total: 1.895000 ms (FindLiveObjects: 0.173000 ms CreateObjectMapping: 0.143000 ms MarkObjects: 1.554000 ms  DeleteObjects: 0.024000 ms)

homeview focus FalseHomeViewSpinner (HomeViewSpinner)
 
(Filename: /home/builduser/buildslave/unity/build/artifacts/generated/common/runtime/UnityEngineDebugBindings.gen.cpp Line: 42)

SetCurrentObject CollectionViewItem - Prologue (ObjectViewItem)
 
(Filename: /home/builduser/buildslave/unity/build/artifacts/generated/common/runtime/UnityEngineDebugBindings.gen.cpp Line: 42)

SetCurrentObject CollectionViewItem - Maze of Snakes (ObjectViewItem)
 
(Filename: /home/builduser/buildslave/unity/build/artifacts/generated/common/runtime/UnityEngineDebugBindings.gen.cpp Line: 42)

Home OnOtherViewLeaving 2
 
(Filename: /home/builduser/buildslave/unity/build/artifacts/generated/common/runtime/UnityEngineDebugBindings.gen.cpp Line: 42)

homeview focus FalseHomeViewSpinner (HomeViewSpinner)
 
(Filename: /home/builduser/buildslave/unity/build/artifacts/generated/common/runtime/UnityEngineDebugBindings.gen.cpp Line: 42)

Unloading 1 Unused Serialized files (Serialized files now loaded: 0)

Unloading 18 unused Assets to reduce memory usage. Loaded Objects now: 6657.
Total: 1.791000 ms (FindLiveObjects: 0.169000 ms CreateObjectMapping: 0.085000 ms MarkObjects: 1.518000 ms  DeleteObjects: 0.019000 ms)

homeview focus FalseHomeViewSpinner (HomeViewSpinner)
 
(Filename: /home/builduser/buildslave/unity/build/artifacts/generated/common/runtime/UnityEngineDebugBindings.gen.cpp Line: 42)

Setting up 3 worker threads for Enlighten.
  Thread -> id: 7fca4ffff6c0 -> priority: 1 
  Thread -> id: 7fca4f7fe6c0 -> priority: 1 
  Thread -> id: 7fca4effd6c0 -> priority: 1 
